Git pull status - 0
Added files - 0
Commit files - README.md - status 1
Git push status - 0
Data backup script
Starting data copy
Successfully copied file
Cd /c/workspace_01_23_2016/problemsolving
Git pull status - 0
Added files - 0
Commit files - README.md - status 1
Git push status - 0
Data backup script
Starting data copy
Successfully copied file
Cd /c/workspace_01_23_2016/problemsolving
Git pull status - 0
Added files - 0
Commit files - README.md - status 1
Git push status - 0
Data backup script
Starting data copy
Successfully copied file
Cd /c/workspace_01_23_2016/problemsolving
Git pull status - 0
Added files - 0
Commit files - README.md - status 1
Git push status - 0
Data backup script
Starting data copy
Successfully copied file
Cd /c/workspace_01_23_2016/problemsolving
Git pull status - 0
Added files - 0
Commit files - README.md - status 0
Git push status - 0
Data backup script
Starting data copy
Successfully copied file
Cd /c/workspace_01_23_2016/problemsolving
Git pull status - 0
Added files - 0
